TN:
SF:src/app.js
FNF:0
FNH:0
DA:1,1
DA:3,1
DA:5,1
DA:6,1
DA:7,1
DA:9,1
LF:6
LH:6
BRF:0
BRH:0
end_of_record
TN:
SF:src/config/config.js
FNF:0
FNH:0
DA:1,1
LF:1
LH:1
BRDA:4,0,0,1
BRDA:4,0,1,0
BRF:2
BRH:1
end_of_record
TN:
SF:src/config/logger.js
FN:4,(anonymous_0)
FN:17,(anonymous_1)
FNF:2
FNH:2
FNDA:10,(anonymous_0)
FNDA:10,(anonymous_1)
DA:1,1
DA:2,1
DA:4,1
DA:5,10
DA:6,0
DA:8,10
DA:11,1
DA:17,10
DA:26,1
LF:9
LH:8
BRDA:5,0,0,0
BRDA:5,0,1,10
BRDA:12,1,0,0
BRDA:12,1,1,1
BRDA:15,2,0,0
BRDA:15,2,1,1
BRF:6
BRH:3
end_of_record
TN:
SF:src/controller/authController.js
FN:11,(anonymous_0)
FN:47,(anonymous_1)
FNF:2
FNH:0
FNDA:0,(anonymous_0)
FNDA:0,(anonymous_1)
DA:1,1
DA:2,1
DA:3,1
DA:4,1
DA:11,1
DA:12,0
DA:13,0
DA:15,0
DA:16,0
DA:18,0
DA:19,0
DA:21,0
DA:23,0
DA:24,0
DA:25,0
DA:28,0
DA:32,0
DA:34,0
DA:36,0
DA:37,0
DA:47,1
DA:48,0
DA:49,0
DA:51,0
DA:52,0
DA:54,0
DA:60,0
DA:61,0
DA:62,0
DA:66,0
DA:73,0
DA:74,0
DA:78,1
LF:33
LH:7
BRDA:19,0,0,0
BRDA:19,0,1,0
BRDA:23,1,0,0
BRDA:23,1,1,0
BRDA:52,2,0,0
BRDA:52,2,1,0
BRF:6
BRH:0
end_of_record
TN:
SF:src/controller/userController.js
FN:7,(anonymous_0)
FN:9,(anonymous_1)
FN:17,(anonymous_2)
FN:31,(anonymous_3)
FN:33,(anonymous_4)
FN:50,(anonymous_5)
FN:54,(anonymous_6)
FN:72,(anonymous_7)
FN:80,(anonymous_8)
FNF:9
FNH:3
FNDA:1,(anonymous_0)
FNDA:1,(anonymous_1)
FNDA:2,(anonymous_2)
FNDA:0,(anonymous_3)
FNDA:0,(anonymous_4)
FNDA:0,(anonymous_5)
FNDA:0,(anonymous_6)
FNDA:0,(anonymous_7)
FNDA:0,(anonymous_8)
DA:1,1
DA:2,1
DA:3,1
DA:4,1
DA:6,1
DA:8,1
DA:9,1
DA:10,1
DA:11,0
DA:12,0
DA:14,1
DA:15,1
DA:18,2
DA:27,0
DA:28,0
DA:32,0
DA:33,0
DA:34,0
DA:35,0
DA:36,0
DA:38,0
DA:39,0
DA:42,0
DA:43,0
DA:51,0
DA:52,0
DA:53,0
DA:54,0
DA:55,0
DA:56,0
DA:57,0
DA:59,0
DA:60,0
DA:63,0
DA:64,0
DA:73,0
DA:74,0
DA:75,0
DA:76,0
DA:77,0
DA:78,0
DA:80,0
DA:81,0
DA:82,0
DA:83,0
DA:85,0
DA:87,0
DA:90,0
DA:91,0
LF:49
LH:11
BRDA:10,0,0,0
BRDA:10,0,1,1
BRDA:34,1,0,0
BRDA:34,1,1,0
BRDA:55,2,0,0
BRDA:55,2,1,0
BRDA:81,3,0,0
BRDA:81,3,1,0
BRF:8
BRH:1
end_of_record
TN:
SF:src/model/user.js
FN:27,(anonymous_0)
FN:35,save
FN:46,validatePassword
FNF:3
FNH:1
FNDA:7,(anonymous_0)
FNDA:0,save
FNDA:0,validatePassword
DA:1,2
DA:2,2
DA:3,2
DA:4,2
DA:6,2
DA:7,2
DA:9,2
DA:28,7
DA:29,1
DA:35,2
DA:36,0
DA:37,0
DA:38,0
DA:39,0
DA:40,0
DA:42,0
DA:46,2
DA:47,0
DA:50,2
DA:51,2
LF:20
LH:13
BRDA:28,0,0,1
BRDA:28,0,1,6
BRDA:28,1,0,7
BRDA:28,1,1,6
BRDA:28,1,2,0
BRDA:28,1,3,0
BRDA:36,2,0,0
BRDA:36,2,1,0
BRF:8
BRH:4
end_of_record
TN:
SF:src/routes/v1/auth.route.js
FNF:0
FNH:0
DA:5,1
DA:6,1
DA:8,1
DA:10,1
DA:11,1
DA:13,1
LF:6
LH:6
BRF:0
BRH:0
end_of_record
TN:
SF:src/routes/v1/docs.route.js
FNF:0
FNH:0
DA:1,1
DA:2,1
DA:3,1
DA:5,1
DA:18,1
DA:20,1
DA:25,1
DA:26,1
DA:33,1
LF:9
LH:9
BRF:0
BRH:0
end_of_record
TN:
SF:src/routes/v1/index.js
FN:28,(anonymous_0)
FN:33,(anonymous_1)
FNF:2
FNH:1
FNDA:2,(anonymous_0)
FNDA:0,(anonymous_1)
DA:1,1
DA:2,1
DA:3,1
DA:5,1
DA:7,1
DA:9,1
DA:21,1
DA:28,1
DA:29,2
DA:32,1
DA:33,0
DA:34,0
DA:38,1
LF:13
LH:11
BRDA:32,0,0,0
BRDA:32,0,1,1
BRF:2
BRH:1
end_of_record
TN:
SF:src/routes/v1/user.route.js
FNF:0
FNH:0
DA:5,1
DA:6,1
DA:7,1
DA:9,1
DA:10,1
DA:12,1
DA:13,1
DA:14,1
DA:15,1
DA:17,1
LF:10
LH:10
BRF:0
BRH:0
end_of_record
TN:
SF:src/utils/utils.js
FN:9,(anonymous_0)
FN:11,(anonymous_1)
FN:26,(anonymous_2)
FN:44,(anonymous_3)
FN:67,(anonymous_4)
FN:70,(anonymous_5)
FN:73,(anonymous_6)
FNF:7
FNH:5
FNDA:1,(anonymous_0)
FNDA:1,(anonymous_1)
FNDA:1,(anonymous_2)
FNDA:1,(anonymous_3)
FNDA:1,(anonymous_4)
FNDA:0,(anonymous_5)
FNDA:0,(anonymous_6)
DA:1,1
DA:2,1
DA:4,1
DA:10,1
DA:11,1
DA:12,1
DA:13,1
DA:14,1
DA:20,1
DA:22,0
DA:27,1
DA:28,1
DA:29,1
DA:31,1
DA:33,1
DA:35,1
DA:37,1
DA:40,1
DA:42,1
DA:44,1
DA:45,1
DA:46,1
DA:47,1
DA:49,1
DA:50,1
DA:51,0
DA:52,0
DA:54,0
DA:59,0
DA:60,0
DA:64,0
DA:68,1
DA:71,0
DA:74,0
LF:34
LH:25
BRDA:35,0,0,0
BRDA:35,0,1,1
BRDA:46,1,0,1
BRDA:46,1,1,0
BRDA:51,2,0,0
BRDA:51,2,1,0
BRF:6
BRH:2
end_of_record
TN:
SF:tests/utils/utils.js
FN:23,(anonymous_0)
FN:24,(anonymous_1)
FNF:2
FNH:2
FNDA:1,(anonymous_0)
FNDA:2,(anonymous_1)
DA:1,1
DA:2,1
DA:3,1
DA:5,1
DA:6,1
DA:7,1
DA:9,1
DA:16,1
DA:23,1
DA:24,2
DA:27,1
LF:11
LH:11
BRF:0
BRH:0
end_of_record
